#
# There is insufficient memory for the Java Runtime Environment to continue.
# Native memory allocation (mmap) failed to map 66060288 bytes. Error detail: G1 virtual space
# Possible reasons:
#   The system is out of physical RAM or swap space
#   This process is running with CompressedOops enabled, and the Java Heap may be blocking the growth of the native heap
# Possible solutions:
#   Reduce memory load on the system
#   Increase physical memory or swap space
#   Check if swap backing store is full
#   Decrease Java heap size (-Xmx/-Xms)
#   Decrease number of Java threads
#   Decrease Java thread stack sizes (-Xss)
#   Set larger code cache with -XX:ReservedCodeCacheSize=
#   JVM is running with Unscaled Compressed Oops mode in which the Java heap is
#     placed in the first 4GB address space. The Java Heap base address is the
#     maximum limit for the native heap growth. Please use -XX:HeapBaseMinAddress
#     to set the Java Heap base and to place the Java Heap above 4GB virtual address.
# This output file may be truncated or incomplete.
#
#  Out of Memory Error (os_windows.cpp:3828), pid=21164, tid=15948
#
# JRE version: OpenJDK Runtime Environment (21.0.4) (build 21.0.4+-12508038-b607.1)
# Java VM: OpenJDK 64-Bit Server VM (21.0.4+-12508038-b607.1, mixed mode, tiered, compressed oops, compressed class ptrs, g1 gc, windows-amd64)
# No core dump will be written. Minidumps are not enabled by default on client versions of Windows
#

---------------  S U M M A R Y ------------

Command Line: org.jetbrains.kotlin.cli.jvm.K2JVMCompiler @C:\Users\PC\AndroidStudioProjects\CloutBox\app\build\20250206_13980525618111242444.compiler.options

Host: Intel(R) Core(TM) i7-8650U CPU @ 1.90GHz, 8 cores, 7G,  Windows 10 , 64 bit Build 19041 (10.0.19041.5198)
Time: Thu Feb  6 22:08:26 2025 Pacific Standard Time elapsed time: 11.735921 seconds (0d 0h 0m 11s)

---------------  T H R E A D  ---------------

Current thread (0x000001d0a40a1b50):  VMThread "VM Thread"          [id=15948, stack(0x0000000849e00000,0x0000000849f00000) (1024K)]

Stack: [0x0000000849e00000,0x0000000849f00000]
Native frames: (J=compiled Java code, j=interpreted, Vv=VM code, C=native code)
V  [jvm.dll+0x6ce539]
V  [jvm.dll+0x85bf03]
V  [jvm.dll+0x85e45e]
V  [jvm.dll+0x85eb43]
V  [jvm.dll+0x27dd06]
V  [jvm.dll+0x6cada5]
V  [jvm.dll+0x6bf27a]
V  [jvm.dll+0x3541fb]
V  [jvm.dll+0x35be36]
V  [jvm.dll+0x3adbc6]
V  [jvm.dll+0x3ade98]
V  [jvm.dll+0x32691c]
V  [jvm.dll+0x3269a7]
V  [jvm.dll+0x36c78c]
V  [jvm.dll+0x36af3e]
V  [jvm.dll+0x326071]
V  [jvm.dll+0x36a650]
V  [jvm.dll+0x8648c8]
V  [jvm.dll+0x865c44]
V  [jvm.dll+0x866180]
V  [jvm.dll+0x866413]
V  [jvm.dll+0x804418]
V  [jvm.dll+0x6cce0d]
C  [ucrtbase.dll+0x21bb2]
C  [KERNEL32.DLL+0x17374]
C  [ntdll.dll+0x4cc91]

VM_Operation (0x00000008497eefe0): G1CollectForAllocation, mode: safepoint, requested by thread 0x000001d08a86d840


---------------  P R O C E S S  ---------------

Threads class SMR info:
_java_thread_list=0x000001d0a4415a00, length=11, elements={
0x000001d08a86d840, 0x000001d0a42795b0, 0x000001d0a4288560, 0x000001d0a42959e0,
0x000001d0a4296440, 0x000001d0a42976b0, 0x000001d0a429a120, 0x000001d0a42a2ec0,
0x000001d0a42a8e70, 0x000001d0a443e220, 0x000001d0a443fe70
}

Java Threads: ( => current thread )
  0x000001d08a86d840 JavaThread "main"                              [_thread_blocked, id=6620, stack(0x0000000849700000,0x0000000849800000) (1024K)]
  0x000001d0a42795b0 JavaThread "Reference Handler"          daemon [_thread_blocked, id=10320, stack(0x0000000849f00000,0x000000084a000000) (1024K)]
  0x000001d0a4288560 JavaThread "Finalizer"                  daemon [_thread_blocked, id=20252, stack(0x000000084a000000,0x000000084a100000) (1024K)]
  0x000001d0a42959e0 JavaThread "Signal Dispatcher"          daemon [_thread_blocked, id=30964, stack(0x000000084a100000,0x000000084a200000) (1024K)]
  0x000001d0a4296440 JavaThread "Attach Listener"            daemon [_thread_blocked, id=17088, stack(0x000000084a200000,0x000000084a300000) (1024K)]
  0x000001d0a42976b0 JavaThread "Service Thread"             daemon [_thread_blocked, id=27636, stack(0x000000084a300000,0x000000084a400000) (1024K)]
  0x000001d0a429a120 JavaThread "Monitor Deflation Thread"   daemon [_thread_blocked, id=15092, stack(0x000000084a400000,0x000000084a500000) (1024K)]
  0x000001d0a42a2ec0 JavaThread "C2 CompilerThread0"         daemon [_thread_blocked, id=31408, stack(0x000000084a500000,0x000000084a600000) (1024K)]
  0x000001d0a42a8e70 JavaThread "C1 CompilerThread0"         daemon [_thread_blocked, id=28048, stack(0x000000084a600000,0x000000084a700000) (1024K)]
  0x000001d0a443e220 JavaThread "Notification Thread"        daemon [_thread_blocked, id=32340, stack(0x000000084a700000,0x000000084a800000) (1024K)]
  0x000001d0a443fe70 JavaThread "Common-Cleaner"             daemon [_thread_blocked, id=28108, stack(0x000000084a800000,0x000000084a900000) (1024K)]
Total: 11

Other Threads:
=>0x000001d0a40a1b50 VMThread "VM Thread"                           [id=15948, stack(0x0000000849e00000,0x0000000849f00000) (1024K)]
  0x000001d0a4061ad0 WatcherThread "VM Periodic Task Thread"        [id=31012, stack(0x0000000849d00000,0x0000000849e00000) (1024K)]
  0x000001d08caf1590 WorkerThread "GC Thread#0"                     [id=29604, stack(0x0000000849800000,0x0000000849900000) (1024K)]
  0x000001d0a4cdb3a0 WorkerThread "GC Thread#1"                     [id=7440, stack(0x000000084a900000,0x000000084aa00000) (1024K)]
  0x000001d0a4cdb740 WorkerThread "GC Thread#2"                     [id=30492, stack(0x000000084aa00000,0x000000084ab00000) (1024K)]
  0x000001d0a4cdc6e0 WorkerThread "GC Thread#3"                     [id=12248, stack(0x000000084ab00000,0x000000084ac00000) (1024K)]
  0x000001d0a4cdca80 WorkerThread "GC Thread#4"                     [id=23824, stack(0x000000084ac00000,0x000000084ad00000) (1024K)]
  0x000001d0a4cc2a20 WorkerThread "GC Thread#5"                     [id=30828, stack(0x000000084ad00000,0x000000084ae00000) (1024K)]
  0x000001d0a91dedc0 WorkerThread "GC Thread#6"                     [id=19816, stack(0x000000084ae00000,0x000000084af00000) (1024K)]
  0x000001d0a91dfc40 WorkerThread "GC Thread#7"                     [id=2324, stack(0x000000084af00000,0x000000084b000000) (1024K)]
  0x000001d08cb029c0 ConcurrentGCThread "G1 Main Marker"            [id=29712, stack(0x0000000849900000,0x0000000849a00000) (1024K)]
  0x000001d08cb03cd0 WorkerThread "G1 Conc#0"                       [id=27788, stack(0x0000000849a00000,0x0000000849b00000) (1024K)]
  0x000001d0a91dffe0 WorkerThread "G1 Conc#1"                       [id=20384, stack(0x000000084b000000,0x000000084b100000) (1024K)]
  0x000001d0a3f334e0 ConcurrentGCThread "G1 Refine#0"               [id=26736, stack(0x0000000849b00000,0x0000000849c00000) (1024K)]
  0x000001d08cb6c240 ConcurrentGCThread "G1 Service"                [id=9600, stack(0x0000000849c00000,0x0000000849d00000) (1024K)]
Total: 15

Threads with active compile tasks:
C2 CompilerThread0    11783 6910   !   4       org.jetbrains.kotlin.metadata.ProtoBuf$Type$Argument::<init> (401 bytes)
C1 CompilerThread0    11783 6927       3       org.jetbrains.kotlin.fir.deserialization.FirMemberDeserializer::loadProperty (1419 bytes)
Total: 2

VM state: at safepoint (normal execution)

VM Mutex/Monitor currently owned by a thread:  ([mutex/lock_event])
[0x00007ff8c56372f8] Threads_lock - owner thread: 0x000001d0a40a1b50
[0x00007ff8c56373f8] Heap_lock - owner thread: 0x000001d08a86d840

Heap address: 0x0000000082600000, size: 2010 MB, Compressed Oops mode: 32-bit

CDS archive(s) not mapped
Compressed class space mapped at: 0x0000000100000000-0x0000000140000000, reserved size: 1073741824
Narrow klass base: 0x0000000000000000, Narrow klass shift: 3, Narrow klass range: 0x140000000

GC Precious Log:
 CardTable entry size: 512
 Card Set container configuration: InlinePtr #cards 5 size 8 Array Of Cards #cards 12 size 40 Howl #buckets 4 coarsen threshold 1843 Howl Bitmap #cards 512 size 80 coarsen threshold 460 Card regions per heap region 1 cards per card region 2048
 CPUs: 8 total, 8 available
 Memory: 8035M
 Large Page Support: Disabled
 NUMA Support: Disabled
 Compressed Oops: Enabled (32-bit)
 Heap Region Size: 1M
 Heap Min Capacity: 8M
 Heap Initial Capacity: 126M
 Heap Max Capacity: 2010M
 Pre-touch: Disabled
 Parallel Workers: 8
 Concurrent Workers: 2
 Concurrent Refinement Workers: 8
 Periodic GC: Disabled

Heap:
 garbage-first heap   total 159744K, used 107463K [0x0000000082600000, 0x0000000100000000)
  region size 1024K, 6 young (6144K), 6 survivors (6144K)
 Metaspace       used 53384K, committed 53696K, reserved 1114112K
  class space    used 5995K, committed 6144K, reserved 1048576K

Heap Regions: E=young(eden), S=young(survivor), O=old, HS=humongous(starts), HC=humongous(continues), CS=collection set, F=free, TAMS=top-at-mark-start, PB=parsable bottom
|   0|0x0000000082600000, 0x0000000082700000, 0x0000000082700000|100%|HS|  |TAMS 0x0000000082600000| PB 0x0000000082600000| Complete 
|   1|0x0000000082700000, 0x0000000082800000, 0x0000000082800000|100%|HC|  |TAMS 0x0000000082700000| PB 0x0000000082700000| Complete 
|   2|0x0000000082800000, 0x0000000082900000, 0x0000000082900000|100%|HC|  |TAMS 0x0000000082800000| PB 0x0000000082800000| Complete 
|   3|0x0000000082900000, 0x0000000082a00000, 0x0000000082a00000|100%| O|  |TAMS 0x0000000082900000| PB 0x0000000082900000| Untracked 
|   4|0x0000000082a00000, 0x0000000082b00000, 0x0000000082b00000|100%| O|  |TAMS 0x0000000082a00000| PB 0x0000000082a00000| Untracked 
|   5|0x0000000082b00000, 0x0000000082bf1e00, 0x0000000082c00000| 94%| O|  |TAMS 0x0000000082b00000| PB 0x0000000082b00000| Untracked 
|   6|0x0000000082c00000, 0x0000000082d00000, 0x0000000082d00000|100%| O|  |TAMS 0x0000000082c00000| PB 0x0000000082c00000| Untracked 
|   7|0x0000000082d00000, 0x0000000082e00000, 0x0000000082e00000|100%| O|  |TAMS 0x0000000082d00000| PB 0x0000000082d00000| Untracked 
|   8|0x0000000082e00000, 0x0000000082f00000, 0x0000000082f00000|100%| O|  |TAMS 0x0000000082e00000| PB 0x0000000082e00000| Untracked 
|   9|0x0000000082f00000, 0x0000000083000000, 0x0000000083000000|100%| O|  |TAMS 0x0000000082f00000| PB 0x0000000082f00000| Untracked 
|  10|0x0000000083000000, 0x0000000083100000, 0x0000000083100000|100%| O|  |TAMS 0x0000000083000000| PB 0x0000000083000000| Untracked 
|  11|0x0000000083100000, 0x0000000083200000, 0x0000000083200000|100%| O|  |TAMS 0x0000000083100000| PB 0x0000000083100000| Untracked 
|  12|0x0000000083200000, 0x0000000083300000, 0x0000000083300000|100%| O|  |TAMS 0x0000000083200000| PB 0x0000000083200000| Untracked 
|  13|0x0000000083300000, 0x0000000083400000, 0x0000000083400000|100%| O|  |TAMS 0x0000000083300000| PB 0x0000000083300000| Untracked 
|  14|0x0000000083400000, 0x0000000083500000, 0x0000000083500000|100%| O|  |TAMS 0x0000000083400000| PB 0x0000000083400000| Untracked 
|  15|0x0000000083500000, 0x0000000083600000, 0x0000000083600000|100%| O|  |TAMS 0x0000000083500000| PB 0x0000000083500000| Untracked 
|  16|0x0000000083600000, 0x0000000083700000, 0x0000000083700000|100%| O|  |TAMS 0x0000000083600000| PB 0x0000000083600000| Untracked 
|  17|0x0000000083700000, 0x0000000083800000, 0x0000000083800000|100%| O|  |TAMS 0x0000000083700000| PB 0x0000000083700000| Untracked 
|  18|0x0000000083800000, 0x0000000083900000, 0x0000000083900000|100%| O|  |TAMS 0x0000000083800000| PB 0x0000000083800000| Untracked 
|  19|0x0000000083900000, 0x0000000083a00000, 0x0000000083a00000|100%| O|  |TAMS 0x0000000083900000| PB 0x0000000083900000| Untracked 
|  20|0x0000000083a00000, 0x0000000083b00000, 0x0000000083b00000|100%| O|  |TAMS 0x0000000083a00000| PB 0x0000000083a00000| Untracked 
|  21|0x0000000083b00000, 0x0000000083c00000, 0x0000000083c00000|100%| O|  |TAMS 0x0000000083b00000| PB 0x0000000083b00000| Untracked 
|  22|0x0000000083c00000, 0x0000000083d00000, 0x0000000083d00000|100%| O|  |TAMS 0x0000000083c00000| PB 0x0000000083c00000| Untracked 
|  23|0x0000000083d00000, 0x0000000083e00000, 0x0000000083e00000|100%| O|  |TAMS 0x0000000083d00000| PB 0x0000000083d00000| Untracked 
|  24|0x0000000083e00000, 0x0000000083f00000, 0x0000000083f00000|100%| O|  |TAMS 0x0000000083e00000| PB 0x0000000083e00000| Untracked 
|  25|0x0000000083f00000, 0x0000000084000000, 0x0000000084000000|100%| O|  |TAMS 0x0000000083f00000| PB 0x0000000083f00000| Untracked 
|  26|0x0000000084000000, 0x0000000084100000, 0x0000000084100000|100%| O|  |TAMS 0x0000000084000000| PB 0x0000000084000000| Untracked 
|  27|0x0000000084100000, 0x0000000084200000, 0x0000000084200000|100%| O|  |TAMS 0x0000000084100000| PB 0x0000000084100000| Untracked 
|  28|0x0000000084200000, 0x0000000084300000, 0x0000000084300000|100%| O|  |TAMS 0x0000000084200000| PB 0x0000000084200000| Untracked 
|  29|0x0000000084300000, 0x0000000084400000, 0x0000000084400000|100%| O|  |TAMS 0x0000000084300000| PB 0x0000000084300000| Untracked 
|  30|0x0000000084400000, 0x0000000084500000, 0x0000000084500000|100%| O|  |TAMS 0x0000000084400000| PB 0x0000000084400000| Untracked 
|  31|0x0000000084500000, 0x0000000084600000, 0x0000000084600000|100%| O|  |TAMS 0x0000000084500000| PB 0x0000000084500000| Untracked 
|  32|0x0000000084600000, 0x0000000084700000, 0x0000000084700000|100%| O|  |TAMS 0x0000000084600000| PB 0x0000000084600000| Untracked 
|  33|0x0000000084700000, 0x0000000084800000, 0x0000000084800000|100%| O|  |TAMS 0x0000000084700000| PB 0x0000000084700000| Untracked 
|  34|0x0000000084800000, 0x0000000084900000, 0x0000000084900000|100%| O|  |TAMS 0x0000000084800000| PB 0x0000000084800000| Untracked 
|  35|0x0000000084900000, 0x0000000084a00000, 0x0000000084a00000|100%| O|  |TAMS 0x0000000084900000| PB 0x0000000084900000| Untracked 
|  36|0x0000000084a00000, 0x0000000084b00000, 0x0000000084b00000|100%| O|  |TAMS 0x0000000084a00000| PB 0x0000000084a00000| Untracked 
|  37|0x0000000084b00000, 0x0000000084c00000, 0x0000000084c00000|100%| O|  |TAMS 0x0000000084b00000| PB 0x0000000084b00000| Untracked 
|  38|0x0000000084c00000, 0x0000000084d00000, 0x0000000084d00000|100%|HS|  |TAMS 0x0000000084c00000| PB 0x0000000084c00000| Complete 
|  39|0x0000000084d00000, 0x0000000084e00000, 0x0000000084e00000|100%| O|  |TAMS 0x0000000084d00000| PB 0x0000000084d00000| Untracked 
|  40|0x0000000084e00000, 0x0000000084f00000, 0x0000000084f00000|100%| O|  |TAMS 0x0000000084e00000| PB 0x0000000084e00000| Untracked 
|  41|0x0000000084f00000, 0x0000000085000000, 0x0000000085000000|100%| O|  |TAMS 0x0000000084f00000| PB 0x0000000084f00000| Untracked 
|  42|0x0000000085000000, 0x0000000085100000, 0x0000000085100000|100%| O|  |TAMS 0x0000000085000000| PB 0x0000000085000000| Untracked 
|  43|0x0000000085100000, 0x0000000085200000, 0x0000000085200000|100%| O|  |TAMS 0x0000000085100000| PB 0x0000000085100000| Untracked 
|  44|0x0000000085200000, 0x0000000085200000, 0x0000000085300000|  0%| F|  |TAMS 0x0000000085200000| PB 0x0000000085200000| Untracked 
|  45|0x0000000085300000, 0x0000000085400000, 0x0000000085400000|100%| O|  |TAMS 0x0000000085300000| PB 0x0000000085300000| Untracked 
|  46|0x0000000085400000, 0x0000000085500000, 0x0000000085500000|100%| O|  |TAMS 0x0000000085400000| PB 0x0000000085400000| Untracked 
|  47|0x0000000085500000, 0x0000000085600000, 0x0000000085600000|100%| O|  |TAMS 0x0000000085500000| PB 0x0000000085500000| Untracked 
|  48|0x0000000085600000, 0x0000000085700000, 0x0000000085700000|100%| O|  |TAMS 0x0000000085600000| PB 0x0000000085600000| Untracked 
|  49|0x0000000085700000, 0x0000000085800000, 0x0000000085800000|100%| O|  |TAMS 0x0000000085700000| PB 0x0000000085700000| Untracked 
|  50|0x0000000085800000, 0x0000000085900000, 0x0000000085900000|100%| O|  |TAMS 0x0000000085800000| PB 0x0000000085800000| Untracked 
|  51|0x0000000085900000, 0x0000000085a00000, 0x0000000085a00000|100%| O|  |TAMS 0x0000000085900000| PB 0x0000000085900000| Untracked 
|  52|0x0000000085a00000, 0x0000000085b00000, 0x0000000085b00000|100%| O|  |TAMS 0x0000000085a00000| PB 0x0000000085a00000| Untracked 
|  53|0x0000000085b00000, 0x0000000085c00000, 0x0000000085c00000|100%| O|  |TAMS 0x0000000085b00000| PB 0x0000000085b00000| Untracked 
|  54|0x0000000085c00000, 0x0000000085d00000, 0x0000000085d00000|100%| O|  |TAMS 0x0000000085c00000| PB 0x0000000085c00000| Untracked 
|  55|0x0000000085d00000, 0x0000000085e00000, 0x0000000085e00000|100%| O|  |TAMS 0x0000000085d00000| PB 0x0000000085d00000| Untracked 
|  56|0x0000000085e00000, 0x0000000085f00000, 0x0000000085f00000|100%| O|  |TAMS 0x0000000085e00000| PB 0x0000000085e00000| Untracked 
|  57|0x0000000085f00000, 0x0000000086000000, 0x0000000086000000|100%| O|  |TAMS 0x0000000085f00000| PB 0x0000000085f00000| Untracked 
|  58|0x0000000086000000, 0x0000000086100000, 0x0000000086100000|100%| O|  |TAMS 0x0000000086000000| PB 0x0000000086000000| Untracked 
|  59|0x0000000086100000, 0x0000000086200000, 0x0000000086200000|100%| O|  |TAMS 0x0000000086100000| PB 0x0000000086100000| Untracked 
|  60|0x0000000086200000, 0x0000000086300000, 0x0000000086300000|100%| O|  |TAMS 0x0000000086200000| PB 0x0000000086200000| Untracked 
|  61|0x0000000086300000, 0x0000000086400000, 0x0000000086400000|100%| O|  |TAMS 0x0000000086300000| PB 0x0000000086300000| Untracked 
|  62|0x0000000086400000, 0x0000000086500000, 0x0000000086500000|100%| O|  |TAMS 0x0000000086400000| PB 0x0000000086400000| Untracked 
|  63|0x0000000086500000, 0x0000000086600000, 0x0000000086600000|100%| O|  |TAMS 0x0000000086500000| PB 0x0000000086500000| Untracked 
|  64|0x0000000086600000, 0x0000000086700000, 0x0000000086700000|100%| O|  |TAMS 0x0000000086600000| PB 0x0000000086600000| Untracked 
|  65|0x0000000086700000, 0x0000000086800000, 0x0000000086800000|100%| O|  |TAMS 0x0000000086700000| PB 0x0000000086700000| Untracked 
|  66|0x0000000086800000, 0x0000000086900000, 0x0000000086900000|100%| O|  |TAMS 0x0000000086800000| PB 0x0000000086800000| Untracked 
|  67|0x0000000086900000, 0x0000000086900000, 0x0000000086a00000|  0%| F|  |TAMS 0x0000000086900000| PB 0x0000000086900000| Untracked 
|  68|0x0000000086a00000, 0x0000000086b00000, 0x0000000086b00000|100%| O|  |TAMS 0x0000000086a00000| PB 0x0000000086a00000| Untracked 
|  69|0x0000000086b00000, 0x0000000086c00000, 0x0000000086c00000|100%| O|  |TAMS 0x0000000086b00000| PB 0x0000000086b00000| Untracked 
|  70|0x0000000086c00000, 0x0000000086d00000, 0x0000000086d00000|100%| O|  |TAMS 0x0000000086c00000| PB 0x0000000086c00000| Untracked 
|  71|0x0000000086d00000, 0x0000000086e00000, 0x0000000086e00000|100%| O|  |TAMS 0x0000000086d00000| PB 0x0000000086d00000| Untracked 
|  72|0x0000000086e00000, 0x0000000086f00000, 0x0000000086f00000|100%| O|  |TAMS 0x0000000086e00000| PB 0x0000000086e00000| Untracked 
|  73|0x0000000086f00000, 0x0000000087000000, 0x0000000087000000|100%| O|  |TAMS 0x0000000086f00000| PB 0x0000000086f00000| Untracked 
|  74|0x0000000087000000, 0x0000000087100000, 0x0000000087100000|100%| O|  |TAMS 0x0000000087000000| PB 0x0000000087000000| Untracked 
|  75|0x0000000087100000, 0x0000000087200000, 0x0000000087200000|100%| O|  |TAMS 0x0000000087100000| PB 0x0000000087100000| Untracked 
|  76|0x0000000087200000, 0x0000000087300000, 0x0000000087300000|100%| O|  |TAMS 0x0000000087200000| PB 0x0000000087200000| Untracked 
|  77|0x0000000087300000, 0x0000000087400000, 0x0000000087400000|100%| O|  |TAMS 0x0000000087300000| PB 0x0000000087300000| Untracked 
|  78|0x0000000087400000, 0x0000000087500000, 0x0000000087500000|100%| O|  |TAMS 0x0000000087400000| PB 0x0000000087400000| Untracked 
|  79|0x0000000087500000, 0x0000000087600000, 0x0000000087600000|100%| O|  |TAMS 0x0000000087500000| PB 0x0000000087500000| Untracked 
|  80|0x0000000087600000, 0x0000000087700000, 0x0000000087700000|100%| O|  |TAMS 0x0000000087600000| PB 0x0000000087600000| Untracked 
|  81|0x0000000087700000, 0x0000000087800000, 0x0000000087800000|100%| O|  |TAMS 0x0000000087700000| PB 0x0000000087700000| Untracked 
|  82|0x0000000087800000, 0x0000000087900000, 0x0000000087900000|100%| O|  |TAMS 0x0000000087800000| PB 0x0000000087800000| Untracked 
|  83|0x0000000087900000, 0x0000000087a00000, 0x0000000087a00000|100%| O|  |TAMS 0x0000000087900000| PB 0x0000000087900000| Untracked 
|  84|0x0000000087a00000, 0x0000000087b00000, 0x0000000087b00000|100%| O|  |TAMS 0x0000000087a00000| PB 0x0000000087a00000| Untracked 
|  85|0x0000000087b00000, 0x0000000087c00000, 0x0000000087c00000|100%| O|  |TAMS 0x0000000087b00000| PB 0x0000000087b00000| Untracked 
|  86|0x0000000087c00000, 0x0000000087d00000, 0x0000000087d00000|100%| O|  |TAMS 0x0000000087c00000| PB 0x0000000087c00000| Untracked 
|  87|0x0000000087d00000, 0x0000000087e00000, 0x0000000087e00000|100%| O|  |TAMS 0x0000000087d00000| PB 0x0000000087d00000| Untracked 
|  88|0x0000000087e00000, 0x0000000087f00000, 0x0000000087f00000|100%| O|  |TAMS 0x0000000087e00000| PB 0x0000000087e00000| Untracked 
|  89|0x0000000087f00000, 0x0000000088000000, 0x0000000088000000|100%| O|  |TAMS 0x0000000087f00000| PB 0x0000000087f00000| Untracked 
|  90|0x0000000088000000, 0x0000000088100000, 0x0000000088100000|100%| O|  |TAMS 0x0000000088000000| PB 0x0000000088000000| Untracked 
|  91|0x0000000088100000, 0x0000000088200000, 0x0000000088200000|100%| O|  |TAMS 0x0000000088100000| PB 0x0000000088100000| Untracked 
|  92|0x0000000088200000, 0x0000000088300000, 0x0000000088300000|100%| O|  |TAMS 0x0000000088200000| PB 0x0000000088200000| Untracked 
|  93|0x0000000088300000, 0x0000000088400000, 0x0000000088400000|100%| O|  |TAMS 0x0000000088300000| PB 0x0000000088300000| Untracked 
|  94|0x0000000088400000, 0x0000000088500000, 0x0000000088500000|100%| O|  |TAMS 0x0000000088400000| PB 0x0000000088400000| Untracked 
|  95|0x0000000088500000, 0x0000000088600000, 0x0000000088600000|100%| O|  |TAMS 0x0000000088500000| PB 0x0000000088500000| Untracked 
|  96|0x0000000088600000, 0x0000000088700000, 0x0000000088700000|100%| O|  |TAMS 0x0000000088600000| PB 0x0000000088600000| Untracked 
|  97|0x0000000088700000, 0x0000000088800000, 0x0000000088800000|100%| O|  |TAMS 0x0000000088700000| PB 0x0000000088700000| Untracked 
|  98|0x0000000088800000, 0x0000000088800000, 0x0000000088900000|  0%| F|  |TAMS 0x0000000088800000| PB 0x0000000088800000| Untracked 
|  99|0x0000000088900000, 0x0000000088900000, 0x0000000088a00000|  0%| F|  |TAMS 0x0000000088900000| PB 0x0000000088900000| Untracked 
| 100|0x0000000088a00000, 0x0000000088a00000, 0x0000000088b00000|  0%| F|  |TAMS 0x0000000088a00000| PB 0x0000000088a00000| Untracked 
| 101|0x0000000088b00000, 0x0000000088b00000, 0x0000000088c00000|  0%| F|  |TAMS 0x0000000088b00000| PB 0x0000000088b00000| Untracked 
| 102|0x0000000088c00000, 0x0000000088c00000, 0x0000000088d00000|  0%| F|  |TAMS 0x0000000088c00000| PB 0x0000000088c00000| Untracked 
| 103|0x0000000088d00000, 0x0000000088d00000, 0x0000000088e00000|  0%| F|  |TAMS 0x0000000088d00000| PB 0x0000000088d00000| Untracked 
| 104|0x0000000088e00000, 0x0000000088e00000, 0x0000000088f00000|  0%| F|  |TAMS 0x0000000088e00000| PB 0x0000000088e00000| Untracked 
| 105|0x0000000088f00000, 0x0000000088f00000, 0x0000000089000000|  0%| F|  |TAMS 0x0000000088f00000| PB 0x0000000088f00000| Untracked 
| 106|0x0000000089000000, 0x0000000089100000, 0x0000000089100000|100%| S|CS|TAMS 0x0000000089000000| PB 0x0000000089000000| Complete 
| 107|0x0000000089100000, 0x0000000089200000, 0x0000000089200000|100%| S|CS|TAMS 0x0000000089100000| PB 0x0000000089100000| Complete 
| 108|0x0000000089200000, 0x0000000089200000, 0x0000000089300000|  0%| F|  |TAMS 0x0000000089200000| PB 0x0000000089200000| Untracked 
| 109|0x0000000089300000, 0x0000000089300000, 0x0000000089400000|  0%| F|  |TAMS 0x0000000089300000| PB 0x0000000089300000| Untracked 
| 110|0x0000000089400000, 0x0000000089400000, 0x0000000089500000|  0%| F|  |TAMS 0x0000000089400000| PB 0x0000000089400000| Untracked 
| 111|0x0000000089500000, 0x0000000089500000, 0x0000000089600000|  0%| F|  |TAMS 0x0000000089500000| PB 0x0000000089500000| Untracked 
| 112|0x0000000089600000, 0x0000000089600000, 0x0000000089700000|  0%| F|  |TAMS 0x0000000089600000| PB 0x0000000089600000| Untracked 
| 113|0x0000000089700000, 0x0000000089700000, 0x0000000089800000|  0%| F|  |TAMS 0x0000000089700000| PB 0x0000000089700000| Untracked 
| 114|0x0000000089800000, 0x0000000089900000, 0x0000000089900000|100%| S|CS|TAMS 0x0000000089800000| PB 0x0000000089800000| Complete 
| 115|0x0000000089900000, 0x0000000089a00000, 0x0000000089a00000|100%| S|CS|TAMS 0x0000000089900000| PB 0x0000000089900000| Complete 
| 116|0x0000000089a00000, 0x0000000089b00000, 0x0000000089b00000|100%| S|CS|TAMS 0x0000000089a00000| PB 0x0000000089a00000| Complete 
| 117|0x0000000089b00000, 0x0000000089c00000, 0x0000000089c00000|100%| S|CS|TAMS 0x0000000089b00000| PB 0x0000000089b00000| Complete 
| 118|0x0000000089c00000, 0x0000000089c00000, 0x0000000089d00000|  0%| F|  |TAMS 0x0000000089c00000| PB 0x0000000089c00000| Untracked 
| 119|0x0000000089d00000, 0x0000000089d00000, 0x0000000089e00000|  0%| F|  |TAMS 0x0000000089d00000| PB 0x0000000089d00000| Untracked 
| 120|0x0000000089e00000, 0x0000000089e00000, 0x0000000089f00000|  0%| F|  |TAMS 0x0000000089e00000| PB 0x0000000089e00000| Untracked 
| 121|0x0000000089f00000, 0x0000000089f00000, 0x000000008a000000|  0%| F|  |TAMS 0x0000000089f00000| PB 0x0000000089f00000| Untracked 
| 122|0x000000008a000000, 0x000000008a000000, 0x000000008a100000|  0%| F|  |TAMS 0x000000008a000000| PB 0x000000008a000000| Untracked 
| 123|0x000000008a100000, 0x000000008a100000, 0x000000008a200000|  0%| F|  |TAMS 0x000000008a100000| PB 0x000000008a100000| Untracked 
| 124|0x000000008a200000, 0x000000008a200000, 0x000000008a300000|  0%| F|  |TAMS 0x000000008a200000| PB 0x000000008a200000| Untracked 
| 125|0x000000008a300000, 0x000000008a300000, 0x000000008a400000|  0%| F|  |TAMS 0x000000008a300000| PB 0x000000008a300000| Untracked 
| 126|0x000000008a400000, 0x000000008a400000, 0x000000008a500000|  0%| F|  |TAMS 0x000000008a400000| PB 0x000000008a400000| Untracked 
| 127|0x000000008a500000, 0x000000008a500000, 0x000000008a600000|  0%| F|  |TAMS 0x000000008a500000| PB 0x000000008a500000| Untracked 
| 128|0x000000008a600000, 0x000000008a600000, 0x000000008a700000|  0%| F|  |TAMS 0x000000008a600000| PB 0x000000008a600000| Untracked 
| 129|0x000000008a700000, 0x000000008a700000, 0x000000008a800000|  0%| F|  |TAMS 0x000000008a700000| PB 0x000000008a700000| Untracked 
| 130|0x000000008a800000, 0x000000008a800000, 0x000000008a900000|  0%| F|  |TAMS 0x000000008a800000| PB 0x000000008a800000| Untracked 
| 131|0x000000008a900000, 0x000000008a900000, 0x000000008aa00000|  0%| F|  |TAMS 0x000000008a900000| PB 0x000000008a900000| Untracked 
| 132|0x000000008aa00000, 0x000000008aa00000, 0x000000008ab00000|  0%| F|  |TAMS 0x000000008aa00000| PB 0x000000008aa00000| Untracked 
| 133|0x000000008ab00000, 0x000000008ab00000, 0x000000008ac00000|  0%| F|  |TAMS 0x000000008ab00000| PB 0x000000008ab00000| Untracked 
| 134|0x000000008ac00000, 0x000000008ac00000, 0x000000008ad00000|  0%| F|  |TAMS 0x000000008ac00000| PB 0x000000008ac00000| Untracked 
| 135|0x000000008ad00000, 0x000000008ad00000, 0x000000008ae00000|  0%| F|  |TAMS 0x000000008ad00000| PB 0x000000008ad00000| Untracked 
| 136|0x000000008ae00000, 0x000000008ae00000, 0x000000008af00000|  0%| F|  |TAMS 0x000000008ae00000| PB 0x000000008ae00000| Untracked 
| 137|0x000000008af00000, 0x000000008af00000, 0x000000008b000000|  0%| F|  |TAMS 0x000000008af00000| PB 0x000000008af00000| Untracked 
| 138|0x000000008b000000, 0x000000008b000000, 0x000000008b100000|  0%| F|  |TAMS 0x000000008b000000| PB 0x000000008b000000| Untracked 
| 139|0x000000008b100000, 0x000000008b100000, 0x000000008b200000|  0%| F|  |TAMS 0x000000008b100000| PB 0x000000008b100000| Untracked 
| 140|0x000000008b200000, 0x000000008b200000, 0x000000008b300000|  0%| F|  |TAMS 0x000000008b200000| PB 0x000000008b200000| Untracked 
| 141|0x000000008b300000, 0x000000008b300000, 0x000000008b400000|  0%| F|  |TAMS 0x000000008b300000| PB 0x000000008b300000| Untracked 
| 142|0x000000008b400000, 0x000000008b400000, 0x000000008b500000|  0%| F|  |TAMS 0x000000008b400000| PB 0x000000008b400000| Untracked 
| 143|0x000000008b500000, 0x000000008b500000, 0x000000008b600000|  0%| F|  |TAMS 0x000000008b500000| PB 0x000000008b500000| Untracked 
| 144|0x000000008b600000, 0x000000008b600000, 0x000000008b700000|  0%| F|  |TAMS 0x000000008b600000| PB 0x000000008b600000| Untracked 
| 145|0x000000008b700000, 0x000000008b700000, 0x000000008b800000|  0%| F|  |TAMS 0x000000008b700000| PB 0x000000008b700000| Untracked 
| 146|0x000000008b800000, 0x000000008b800000, 0x000000008b900000|  0%| F|  |TAMS 0x000000008b800000| PB 0x000000008b800000| Untracked 
| 147|0x000000008b900000, 0x000000008b900000, 0x000000008ba00000|  0%| F|  |TAMS 0x000000008b900000| PB 0x000000008b900000| Untracked 
| 148|0x000000008ba00000, 0x000000008ba00000, 0x000000008bb00000|  0%| F|  |TAMS 0x000000008ba00000| PB 0x000000008ba00000| Untracked 
| 149|0x000000008bb00000, 0x000000008bb00000, 0x000000008bc00000|  0%| F|  |TAMS 0x000000008bb00000| PB 0x000000008bb00000| Untracked 
| 150|0x000000008bc00000, 0x000000008bc00000, 0x000000008bd00000|  0%| F|  |TAMS 0x000000008bc00000| PB 0x000000008bc00000| Untracked 
| 151|0x000000008bd00000, 0x000000008bd00000, 0x000000008be00000|  0%| F|  |TAMS 0x000000008bd00000| PB 0x000000008bd00000| Untracked 
|2006|0x00000000ffc00000, 0x00000000ffc00000, 0x00000000ffd00000|  0%| F|  |TAMS 0x00000000ffc00000| PB 0x00000000ffc00000| Untracked 
|2007|0x00000000ffd00000, 0x00000000ffe00000, 0x00000000ffe00000|100%| O|  |TAMS 0x00000000ffd00000| PB 0x00000000ffd00000| Untracked 
|2008|0x00000000ffe00000, 0x00000000fff00000, 0x00000000fff00000|100%| O|  |TAMS 0x00000000ffe00000| PB 0x00000000ffe00000| Untracked 
|2009|0x00000000fff00000, 0x0000000100000000, 0x0000000100000000|100%| O|  |TAMS 0x00000000fff00000| PB 0x00000000fff00000| Untracked 

Card table byte_map: [0x000001d09f310000,0x000001d09f700000] _byte_map_base: 0x000001d09eefd000

Marking Bits: (CMBitMap*) 0x000001d08caf1c90
 Bits: [0x000001d09f700000, 0x000001d0a1668000)

Polling page: 0x000001d08aa20000

Metaspace:

Usage:
  Non-class:     46.28 MB used.
      Class:      5.85 MB used.
       Both:     52.13 MB used.

Virtual space:
  Non-class space:       64.00 MB reserved,      46.44 MB ( 73%) committed,  1 nodes.
      Class space:        1.00 GB reserved,       6.00 MB ( <1%) committed,  1 nodes.
             Both:        1.06 GB reserved,      52.44 MB (  5%) committed. 

Chunk freelists:
   Non-Class:  1.20 MB
       Class:  9.84 MB
        Both:  11.05 MB

MaxMetaspaceSize: unlimited
CompressedClassSpaceSize: 1.00 GB
Initial GC threshold: 21.00 MB
Current GC threshold: 83.75 MB
CDS: off
 - commit_granule_bytes: 65536.
 - commit_granule_words: 8192.
 - virtual_space_node_default_size: 8388608.
 - enlarge_chunks_in_place: 1.
 - use_allocation_guard: 0.


Internal statistics:

num_allocs_failed_limit: 3.
num_arena_births: 298.
num_arena_deaths: 0.
num_vsnodes_births: 2.
num_vsnodes_deaths: 0.
num_space_committed: 839.
num_space_uncommitted: 0.
num_chunks_returned_to_freelist: 3.
num_chunks_taken_from_freelist: 1907.
num_chunk_merges: 3.
num_chunk_splits: 1536.
num_chunks_enlarged: 1373.
num_inconsistent_stats: 0.

CodeHeap 'non-profiled nmethods': size=120000Kb used=2502Kb max_used=2502Kb free=117497Kb
 bounds [0x000001d0976c0000, 0x000001d097940000, 0x000001d09ebf0000]
CodeHeap 'profiled nmethods': size=120000Kb used=15742Kb max_used=15742Kb free=104257Kb
 bounds [0x000001d08fbf0000, 0x000001d090b50000, 0x000001d097120000]
CodeHeap 'non-nmethods': size=5760Kb used=1621Kb max_used=1689Kb free=4138Kb
 bounds [0x000001d097120000, 0x000001d097390000, 0x000001d0976c0000]
 total_blobs=7075 nmethods=6403 adapters=575
 compilation: enabled
              stopped_count=0, restarted_count=0
 full_count=0

Compilation events (20 events):
Event: 11.644 Thread 0x000001d0a42a8e70 nmethod 6905 0x000001d097930290 code [0x000001d097930420, 0x000001d0979304e8]
Event: 11.645 Thread 0x000001d0a42a8e70 6906       3       org.jetbrains.kotlin.fir.resolve.calls.CandidateFactory::isCandidateFromCompanionObjectTypeScope (95 bytes)
Event: 11.646 Thread 0x000001d0a42a8e70 nmethod 6906 0x000001d090b42e90 code [0x000001d090b430e0, 0x000001d090b43aa0]
Event: 11.646 Thread 0x000001d0a42a2ec0 nmethod 6897 0x000001d097930590 code [0x000001d097930740, 0x000001d097930910]
Event: 11.646 Thread 0x000001d0a42a2ec0 6907       4       java.lang.Character::toUpperCase (6 bytes)
Event: 11.647 Thread 0x000001d0a42a2ec0 nmethod 6907 0x000001d097930b10 code [0x000001d097930c80, 0x000001d097930d40]
Event: 11.648 Thread 0x000001d0a42a2ec0 6908       4       org.jetbrains.kotlin.it.unimi.dsi.fastutil.objects.ObjectOpenHashSet$SetIterator::next (128 bytes)
Event: 11.651 Thread 0x000001d0a42a2ec0 nmethod 6908 0x000001d097930e10 code [0x000001d097930fa0, 0x000001d097931158]
Event: 11.651 Thread 0x000001d0a42a2ec0 6830       4       kotlin.collections.EmptyList::iterator (7 bytes)
Event: 11.651 Thread 0x000001d0a42a2ec0 nmethod 6830 0x000001d097931310 code [0x000001d097931480, 0x000001d097931510]
Event: 11.651 Thread 0x000001d0a42a2ec0 6885       4       org.jetbrains.kotlin.fir.resolve.calls.tower.TowerGroup::compareTo (239 bytes)
Event: 11.654 Thread 0x000001d0a42a2ec0 nmethod 6885 0x000001d097931610 code [0x000001d0979317a0, 0x000001d097931950]
Event: 11.655 Thread 0x000001d0a42a2ec0 6910   !   4       org.jetbrains.kotlin.metadata.ProtoBuf$Type$Argument::<init> (401 bytes)
Event: 11.656 Thread 0x000001d0a42a8e70 6912       3       org.jetbrains.kotlin.util.capitalizeDecapitalize.CapitalizeDecapitalizeKt::toLowerCaseAsciiOnly (96 bytes)
Event: 11.658 Thread 0x000001d0a42a8e70 nmethod 6912 0x000001d090b43d10 code [0x000001d090b44060, 0x000001d090b45338]
Event: 11.658 Thread 0x000001d0a42a8e70 6914       3       org.jetbrains.kotlin.fir.java.FirJavaVisibilityChecker::platformVisibilityCheck (299 bytes)
Event: 11.665 Thread 0x000001d0a42a8e70 nmethod 6914 0x000001d090b45b10 code [0x000001d090b46380, 0x000001d090b4b0f8]
Event: 11.665 Thread 0x000001d0a42a8e70 6916       3       java.lang.Integer::parseInt (264 bytes)
Event: 11.668 Thread 0x000001d0a42a8e70 nmethod 6916 0x000001d090b4cb90 code [0x000001d090b4d000, 0x000001d090b4edb0]
Event: 11.668 Thread 0x000001d0a42a8e70 6927       3       org.jetbrains.kotlin.fir.deserialization.FirMemberDeserializer::loadProperty (1419 bytes)

GC Heap History (20 events):
Event: 4.994 GC heap after
{Heap after GC invocations=12 (full 0):
 garbage-first heap   total 79872K, used 27729K [0x0000000082600000, 0x0000000100000000)
  region size 1024K, 4 young (4096K), 4 survivors (4096K)
 Metaspace       used 38321K, committed 38592K, reserved 1114112K
  class space    used 4515K, committed 4672K, reserved 1048576K
}
Event: 6.232 GC heap before
{Heap before GC invocations=12 (full 0):
 garbage-first heap   total 79872K, used 62545K [0x0000000082600000, 0x0000000100000000)
  region size 1024K, 38 young (38912K), 4 survivors (4096K)
 Metaspace       used 44928K, committed 45184K, reserved 1114112K
  class space    used 5194K, committed 5312K, reserved 1048576K
}
Event: 6.258 GC heap after
{Heap after GC invocations=13 (full 0):
 garbage-first heap   total 79872K, used 31286K [0x0000000082600000, 0x0000000100000000)
  region size 1024K, 5 young (5120K), 5 survivors (5120K)
 Metaspace       used 44928K, committed 45184K, reserved 1114112K
  class space    used 5194K, committed 5312K, reserved 1048576K
}
Event: 6.847 GC heap before
{Heap before GC invocations=13 (full 0):
 garbage-first heap   total 79872K, used 64054K [0x0000000082600000, 0x0000000100000000)
  region size 1024K, 37 young (37888K), 5 survivors (5120K)
 Metaspace       used 46234K, committed 46528K, reserved 1114112K
  class space    used 5292K, committed 5440K, reserved 1048576K
}
Event: 6.888 GC heap after
{Heap after GC invocations=14 (full 0):
 garbage-first heap   total 79872K, used 40902K [0x0000000082600000, 0x0000000100000000)
  region size 1024K, 5 young (5120K), 5 survivors (5120K)
 Metaspace       used 46234K, committed 46528K, reserved 1114112K
  class space    used 5292K, committed 5440K, reserved 1048576K
}
Event: 6.919 GC heap before
{Heap before GC invocations=14 (full 0):
 garbage-first heap   total 79872K, used 41926K [0x0000000082600000, 0x0000000100000000)
  region size 1024K, 7 young (7168K), 5 survivors (5120K)
 Metaspace       used 46261K, committed 46528K, reserved 1114112K
  class space    used 5294K, committed 5440K, reserved 1048576K
}
Event: 6.936 GC heap after
{Heap after GC invocations=15 (full 0):
 garbage-first heap   total 79872K, used 43012K [0x0000000082600000, 0x0000000100000000)
  region size 1024K, 2 young (2048K), 2 survivors (2048K)
 Metaspace       used 46261K, committed 46528K, reserved 1114112K
  class space    used 5294K, committed 5440K, reserved 1048576K
}
Event: 7.076 GC heap before
{Heap before GC invocations=16 (full 0):
 garbage-first heap   total 79872K, used 65540K [0x0000000082600000, 0x0000000100000000)
  region size 1024K, 23 young (23552K), 2 survivors (2048K)
 Metaspace       used 46302K, committed 46592K, reserved 1114112K
  class space    used 5294K, committed 5440K, reserved 1048576K
}
Event: 7.096 GC heap after
{Heap after GC invocations=17 (full 0):
 garbage-first heap   total 79872K, used 51655K [0x0000000082600000, 0x0000000100000000)
  region size 1024K, 3 young (3072K), 3 survivors (3072K)
 Metaspace       used 46302K, committed 46592K, reserved 1114112K
  class space    used 5294K, committed 5440K, reserved 1048576K
}
Event: 7.445 GC heap before
{Heap before GC invocations=17 (full 0):
 garbage-first heap   total 79872K, used 67015K [0x0000000082600000, 0x0000000100000000)
  region size 1024K, 18 young (18432K), 3 survivors (3072K)
 Metaspace       used 48050K, committed 48256K, reserved 1114112K
  class space    used 5516K, committed 5632K, reserved 1048576K
}
Event: 7.461 GC heap after
{Heap after GC invocations=18 (full 0):
 garbage-first heap   total 159744K, used 54727K [0x0000000082600000, 0x0000000100000000)
  region size 1024K, 3 young (3072K), 3 survivors (3072K)
 Metaspace       used 48050K, committed 48256K, reserved 1114112K
  class space    used 5516K, committed 5632K, reserved 1048576K
}
Event: 8.471 GC heap before
{Heap before GC invocations=18 (full 0):
 garbage-first heap   total 159744K, used 117191K [0x0000000082600000, 0x0000000100000000)
  region size 1024K, 65 young (66560K), 3 survivors (3072K)
 Metaspace       used 50362K, committed 50688K, reserved 1114112K
  class space    used 5774K, committed 5888K, reserved 1048576K
}
Event: 8.497 GC heap after
{Heap after GC invocations=19 (full 0):
 garbage-first heap   total 159744K, used 67527K [0x0000000082600000, 0x0000000100000000)
  region size 1024K, 9 young (9216K), 9 survivors (9216K)
 Metaspace       used 50362K, committed 50688K, reserved 1114112K
  class space    used 5774K, committed 5888K, reserved 1048576K
}
Event: 8.773 GC heap before
{Heap before GC invocations=19 (full 0):
 garbage-first heap   total 159744K, used 121799K [0x0000000082600000, 0x0000000100000000)
  region size 1024K, 62 young (63488K), 9 survivors (9216K)
 Metaspace       used 50363K, committed 50688K, reserved 1114112K
  class space    used 5774K, committed 5888K, reserved 1048576K
}
Event: 8.796 GC heap after
{Heap after GC invocations=20 (full 0):
 garbage-first heap   total 159744K, used 80839K [0x0000000082600000, 0x0000000100000000)
  region size 1024K, 8 young (8192K), 8 survivors (8192K)
 Metaspace       used 50363K, committed 50688K, reserved 1114112K
  class space    used 5774K, committed 5888K, reserved 1048576K
}
Event: 9.378 GC heap before
{Heap before GC invocations=20 (full 0):
 garbage-first heap   total 159744K, used 127943K [0x0000000082600000, 0x0000000100000000)
  region size 1024K, 54 young (55296K), 8 survivors (8192K)
 Metaspace       used 51033K, committed 51328K, reserved 1114112K
  class space    used 5834K, committed 5952K, reserved 1048576K
}
Event: 9.405 GC heap after
{Heap after GC invocations=21 (full 0):
 garbage-first heap   total 159744K, used 93127K [0x0000000082600000, 0x0000000100000000)
  region size 1024K, 7 young (7168K), 7 survivors (7168K)
 Metaspace       used 51033K, committed 51328K, reserved 1114112K
  class space    used 5834K, committed 5952K, reserved 1048576K
}
Event: 10.646 GC heap before
{Heap before GC invocations=22 (full 0):
 garbage-first heap   total 159744K, used 133063K [0x0000000082600000, 0x0000000100000000)
  region size 1024K, 46 young (47104K), 7 survivors (7168K)
 Metaspace       used 52613K, committed 52864K, reserved 1114112K
  class space    used 5953K, committed 6080K, reserved 1048576K
}
Event: 10.675 GC heap after
{Heap after GC invocations=23 (full 0):
 garbage-first heap   total 159744K, used 101319K [0x0000000082600000, 0x0000000100000000)
  region size 1024K, 6 young (6144K), 6 survivors (6144K)
 Metaspace       used 52613K, committed 52864K, reserved 1114112K
  class space    used 5953K, committed 6080K, reserved 1048576K
}
Event: 11.693 GC heap before
{Heap before GC invocations=23 (full 0):
 garbage-first heap   total 159744K, used 137159K [0x0000000082600000, 0x0000000100000000)
  region size 1024K, 41 young (41984K), 6 survivors (6144K)
 Metaspace       used 53384K, committed 53696K, reserved 1114112K
  class space    used 5995K, committed 6144K, reserved 1048576K
}

Dll operation events (3 events):
Event: 0.014 Loaded shared library C:\Program Files\Android\Android Studio\jbr\bin\java.dll
Event: 0.026 Loaded shared library C:\Program Files\Android\Android Studio\jbr\bin\zip.dll
Event: 2.005 Loaded shared library C:\Program Files\Android\Android Studio\jbr\bin\verify.dll

Deoptimization events (20 events):
Event: 11.472 Thread 0x000001d08a86d840 Uncommon trap: trap_request=0xffffffc6 fr.pc=0x000001d0977c30bc relative=0x000000000000049c
Event: 11.472 Thread 0x000001d08a86d840 Uncommon trap: reason=bimorphic_or_optimized_type_check action=maybe_recompile pc=0x000001d0977c30bc method=kotlin.jvm.internal.CollectionToArray.toArray(Ljava/util/Collection;)[Ljava/lang/Object; @ 9 c2
Event: 11.472 Thread 0x000001d08a86d840 DEOPT PACKING pc=0x000001d0977c30bc sp=0x00000008497f3590
Event: 11.472 Thread 0x000001d08a86d840 DEOPT UNPACKING pc=0x000001d0971746a2 sp=0x00000008497f3528 mode 2
Event: 11.616 Thread 0x000001d08a86d840 Uncommon trap: trap_request=0xffffffde fr.pc=0x000001d097927c8c relative=0x000000000000006c
Event: 11.616 Thread 0x000001d08a86d840 Uncommon trap: reason=class_check action=maybe_recompile pc=0x000001d097927c8c method=kotlin.collections.AbstractMutableSet.size()I @ 1 c2
Event: 11.616 Thread 0x000001d08a86d840 DEOPT PACKING pc=0x000001d097927c8c sp=0x00000008497f09e0
Event: 11.616 Thread 0x000001d08a86d840 DEOPT UNPACKING pc=0x000001d0971746a2 sp=0x00000008497f0968 mode 2
Event: 11.625 Thread 0x000001d08a86d840 Uncommon trap: trap_request=0xffffffde fr.pc=0x000001d097927c8c relative=0x000000000000006c
Event: 11.625 Thread 0x000001d08a86d840 Uncommon trap: reason=class_check action=maybe_recompile pc=0x000001d097927c8c method=kotlin.collections.AbstractMutableSet.size()I @ 1 c2
Event: 11.625 Thread 0x000001d08a86d840 DEOPT PACKING pc=0x000001d097927c8c sp=0x00000008497efcf0
Event: 11.625 Thread 0x000001d08a86d840 DEOPT UNPACKING pc=0x000001d0971746a2 sp=0x00000008497efc78 mode 2
Event: 11.644 Thread 0x000001d08a86d840 Uncommon trap: trap_request=0xffffffde fr.pc=0x000001d097927c8c relative=0x000000000000006c
Event: 11.644 Thread 0x000001d08a86d840 Uncommon trap: reason=class_check action=maybe_recompile pc=0x000001d097927c8c method=kotlin.collections.AbstractMutableSet.size()I @ 1 c2
Event: 11.644 Thread 0x000001d08a86d840 DEOPT PACKING pc=0x000001d097927c8c sp=0x00000008497f00a0
Event: 11.644 Thread 0x000001d08a86d840 DEOPT UNPACKING pc=0x000001d0971746a2 sp=0x00000008497f0028 mode 2
Event: 11.646 Thread 0x000001d08a86d840 Uncommon trap: trap_request=0xffffff6e fr.pc=0x000001d097926f4c relative=0x000000000000012c
Event: 11.646 Thread 0x000001d08a86d840 Uncommon trap: reason=loop_limit_check action=maybe_recompile pc=0x000001d097926f4c method=org.jetbrains.kotlin.it.unimi.dsi.fastutil.objects.ObjectOpenHashSet$SetIterator.next()Ljava/lang/Object; @ 83 c2
Event: 11.646 Thread 0x000001d08a86d840 DEOPT PACKING pc=0x000001d097926f4c sp=0x00000008497ee340
Event: 11.646 Thread 0x000001d08a86d840 DEOPT UNPACKING pc=0x000001d0971746a2 sp=0x00000008497ee2d8 mode 2

Classes loaded (20 events):
Event: 5.730 Loading class java/lang/annotation/ElementType
Event: 5.730 Loading class java/lang/annotation/ElementType done
Event: 5.730 Loading class java/lang/Deprecated
Event: 5.730 Loading class java/lang/Deprecated done
Event: 5.730 Loading class java/lang/Override
Event: 5.730 Loading class java/lang/Override done
Event: 6.012 Loading class java/text/StringCharacterIterator
Event: 6.013 Loading class java/text/CharacterIterator
Event: 6.013 Loading class java/text/CharacterIterator done
Event: 6.013 Loading class java/text/StringCharacterIterator done
Event: 6.443 Loading class java/util/ArrayList$SubList$1
Event: 6.443 Loading class java/util/ArrayList$SubList$1 done
Event: 6.519 Loading class java/util/AbstractList$ListItr
Event: 6.519 Loading class java/util/AbstractList$ListItr done
Event: 7.561 Loading class java/util/AbstractList$SubList$1
Event: 7.562 Loading class java/util/AbstractList$SubList$1 done
Event: 7.839 Loading class java/util/AbstractMap$SimpleImmutableEntry
Event: 7.839 Loading class java/util/AbstractMap$SimpleImmutableEntry done
Event: 9.542 Loading class java/lang/Byte$ByteCache
Event: 9.542 Loading class java/lang/Byte$ByteCache done

Classes unloaded (0 events):
No events

Classes redefined (0 events):
No events

Internal exceptions (20 events):
Event: 5.193 Thread 0x000001d08a86d840 Implicit null exception at 0x000001d0977816e0 to 0x000001d0977817f4
Event: 5.874 Thread 0x000001d08a86d840 Implicit null exception at 0x000001d0977bec09 to 0x000001d0977bf4ac
Event: 5.874 Thread 0x000001d08a86d840 Implicit null exception at 0x000001d0977c3ca0 to 0x000001d0977c3ee4
Event: 5.876 Thread 0x000001d08a86d840 Implicit null exception at 0x000001d0976fe740 to 0x000001d0976fe7c2
Event: 7.210 Thread 0x000001d08a86d840 Exception <a 'java/lang/NoSuchMethodError'{0x0000000086893bf8}: 'java.lang.Object java.lang.invoke.DirectMethodHandle$Holder.invokeStaticInit(java.lang.Object, java.lang.Object, java.lang.Object, java.lang.Object)'> (0x0000000086893bf8) 
thrown [s\src\hotspot\share\interpreter\linkResolver.cpp, line 784]
Event: 7.433 Thread 0x000001d08a86d840 Exception <a 'java/lang/NoSuchMethodError'{0x0000000086274780}: 'java.lang.Object java.lang.invoke.DirectMethodHandle$Holder.newInvokeSpecial(java.lang.Object, java.lang.Object, java.lang.Object, java.lang.Object, java.lang.Object, java.lang.Object)'> (0x0000000086274780) 
thrown [s\src\hotspot\share\interpreter\linkResolver.cpp, line 784]
Event: 7.657 Thread 0x000001d08a86d840 Exception <a 'java/lang/NoSuchMethodError'{0x000000008bafe7e0}: 'java.lang.Object java.lang.invoke.DirectMethodHandle$Holder.newInvokeSpecial(java.lang.Object, java.lang.Object, java.lang.Object, java.lang.Object, int)'> (0x000000008bafe7e0) 
thrown [s\src\hotspot\share\interpreter\linkResolver.cpp, line 784]
Event: 7.658 Thread 0x000001d08a86d840 Exception <a 'java/lang/NoSuchMethodError'{0x000000008b9030f0}: 'java.lang.Object java.lang.invoke.DirectMethodHandle$Holder.invokeSpecial(java.lang.Object, java.lang.Object, java.lang.Object, java.lang.Object, java.lang.Object, int)'> (0x000000008b9030f0) 
thrown [s\src\hotspot\share\interpreter\linkResolver.cpp, line 784]
Event: 7.659 Thread 0x000001d08a86d840 Exception <a 'java/lang/NoSuchMethodError'{0x000000008b906e30}: 'java.lang.Object java.lang.invoke.Invokers$Holder.linkToTargetMethod(java.lang.Object, java.lang.Object, java.lang.Object, int, java.lang.Object)'> (0x000000008b906e30) 
thrown [s\src\hotspot\share\interpreter\linkResolver.cpp, line 784]
Event: 7.688 Thread 0x000001d08a86d840 Exception <a 'java/lang/NoSuchMethodError'{0x000000008b9493e8}: 'java.lang.Object java.lang.invoke.DirectMethodHandle$Holder.newInvokeSpecial(java.lang.Object, java.lang.Object, java.lang.Object, java.lang.Object, int, java.lang.Object, java.lang.Object)'> (0x000000008b9493e8) 
thrown [s\src\hotspot\share\interpreter\linkResolver.cpp, line 784]
Event: 8.070 Thread 0x000001d08a86d840 Exception <a 'java/lang/NoSuchMethodError'{0x000000008a9bfcb0}: 'java.lang.Object java.lang.invoke.DirectMethodHandle$Holder.newInvokeSpecial(java.lang.Object, java.lang.Object, java.lang.Object, java.lang.Object, java.lang.Object, java.lang.Object, java.lang.Object, java.lang.Object, java.lang.Object)'> (0x000000008a9bfcb0) 
thrown [s\src\hotspot\share\interpreter\linkResolver.cpp, line 784]
Event: 8.074 Thread 0x000001d08a86d840 Exception <a 'java/lang/NoSuchMethodError'{0x000000008a9d3e58}: 'java.lang.Object java.lang.invoke.DirectMethodHandle$Holder.newInvokeSpecial(java.lang.Object, java.lang.Object, java.lang.Object, int)'> (0x000000008a9d3e58) 
thrown [s\src\hotspot\share\interpreter\linkResolver.cpp, line 784]
Event: 8.075 Thread 0x000001d08a86d840 Exception <a 'java/lang/NoSuchMethodError'{0x000000008a9d7cd8}: 'java.lang.Object java.lang.invoke.DirectMethodHandle$Holder.invokeSpecial(java.lang.Object, java.lang.Object, java.lang.Object, java.lang.Object, int)'> (0x000000008a9d7cd8) 
thrown [s\src\hotspot\share\interpreter\linkResolver.cpp, line 784]
Event: 8.075 Thread 0x000001d08a86d840 Exception <a 'java/lang/NoSuchMethodError'{0x000000008a9db430}: 'java.lang.Object java.lang.invoke.Invokers$Holder.linkToTargetMethod(java.lang.Object, java.lang.Object, int, java.lang.Object)'> (0x000000008a9db430) 
thrown [s\src\hotspot\share\interpreter\linkResolver.cpp, line 784]
Event: 8.078 Thread 0x000001d08a86d840 Exception <a 'java/lang/NoSuchMethodError'{0x000000008a9eaaa8}: 'java.lang.Object java.lang.invoke.DirectMethodHandle$Holder.newInvokeSpecial(java.lang.Object, int, java.lang.Object)'> (0x000000008a9eaaa8) 
thrown [s\src\hotspot\share\interpreter\linkResolver.cpp, line 784]
Event: 8.093 Thread 0x000001d08a86d840 Exception <a 'java/lang/NoSuchMethodError'{0x000000008a84cc40}: 'java.lang.Object java.lang.invoke.DirectMethodHandle$Holder.invokeStatic(java.lang.Object, int, java.lang.Object, java.lang.Object)'> (0x000000008a84cc40) 
thrown [s\src\hotspot\share\interpreter\linkResolver.cpp, line 784]
Event: 9.141 Thread 0x000001d08a86d840 Exception <a 'java/lang/NoSuchMethodError'{0x0000000089a53128}: 'java.lang.Object java.lang.invoke.DirectMethodHandle$Holder.invokeStatic(java.lang.Object, java.lang.Object, java.lang.Object, int, java.lang.Object, java.lang.Object)'> (0x0000000089a53128) 
thrown [s\src\hotspot\share\interpreter\linkResolver.cpp, line 784]
Event: 9.780 Thread 0x000001d08a86d840 Exception <a 'java/lang/NoSuchMethodError'{0x000000008b428528}: 'java.lang.Object java.lang.invoke.DirectMethodHandle$Holder.newInvokeSpecial(java.lang.Object, java.lang.Object, java.lang.Object, int, int)'> (0x000000008b428528) 
thrown [s\src\hotspot\share\interpreter\linkResolver.cpp, line 784]
Event: 11.403 Thread 0x000001d08a86d840 Exception <a 'java/lang/NoSuchMethodError'{0x000000008a5da198}: 'java.lang.Object java.lang.invoke.DirectMethodHandle$Holder.newInvokeSpecial(java.lang.Object, java.lang.Object, java.lang.Object, java.lang.Object, java.lang.Object, int)'> (0x000000008a5da198) 
thrown [s\src\hotspot\share\interpreter\linkResolver.cpp, line 784]
Event: 11.404 Thread 0x000001d08a86d840 Exception <a 'java/lang/NoSuchMethodError'{0x000000008a5df1d0}: 'java.lang.Object java.lang.invoke.DirectMethodHandle$Holder.invokeSpecial(java.lang.Object, java.lang.Object, java.lang.Object, java.lang.Object, java.lang.Object, java.lang.Object, int)'> (0x000000008a5df1d0) 
thrown [s\src\hotspot\share\interpreter\linkResolver.cpp, line 784]

ZGC Phase Switch (0 events):
No events

VM Operations (20 events):
Event: 10.163 Executing VM operation: ICBufferFull done
Event: 10.387 Executing VM operation: ICBufferFull
Event: 10.387 Executing VM operation: ICBufferFull done
Event: 10.585 Executing VM operation: ICBufferFull
Event: 10.585 Executing VM operation: ICBufferFull done
Event: 10.646 Executing VM operation: G1CollectForAllocation (G1 Evacuation Pause)
Event: 10.676 Executing VM operation: G1CollectForAllocation (G1 Evacuation Pause) done
Event: 10.927 Executing VM operation: ICBufferFull
Event: 10.927 Executing VM operation: ICBufferFull done
Event: 11.058 Executing VM operation: HandshakeAllThreads (Deoptimize)
Event: 11.058 Executing VM operation: HandshakeAllThreads (Deoptimize) done
Event: 11.288 Executing VM operation: ICBufferFull
Event: 11.288 Executing VM operation: ICBufferFull done
Event: 11.423 Executing VM operation: HandshakeAllThreads (Deoptimize)
Event: 11.423 Executing VM operation: HandshakeAllThreads (Deoptimize) done
Event: 11.521 Executing VM operation: ICBufferFull
Event: 11.521 Executing VM operation: ICBufferFull done
Event: 11.646 Executing VM operation: ICBufferFull
Event: 11.646 Executing VM operation: ICBufferFull done
Event: 11.693 Executing VM operation: G1CollectForAllocation (G1 Evacuation Pause)

Memory protections (0 events):
No events

Nmethod flushes (20 events):
Event: 9.535 Thread 0x000001d0a40a1b50 flushing  nmethod 0x000001d090015c90
Event: 9.535 Thread 0x000001d0a40a1b50 flushing  nmethod 0x000001d090016a90
Event: 9.535 Thread 0x000001d0a40a1b50 flushing  nmethod 0x000001d090017790
Event: 9.535 Thread 0x000001d0a40a1b50 flushing  nmethod 0x000001d090018310
Event: 9.535 Thread 0x000001d0a40a1b50 flushing  nmethod 0x000001d090018a90
Event: 9.535 Thread 0x000001d0a40a1b50 flushing  nmethod 0x000001d090027c10
Event: 9.535 Thread 0x000001d0a40a1b50 flushing  nmethod 0x000001d090049590
Event: 9.535 Thread 0x000001d0a40a1b50 flushing  nmethod 0x000001d09004a610
Event: 9.535 Thread 0x000001d0a40a1b50 flushing  nmethod 0x000001d09004aa10
Event: 9.535 Thread 0x000001d0a40a1b50 flushing  nmethod 0x000001d09004b510
Event: 9.535 Thread 0x000001d0a40a1b50 flushing  nmethod 0x000001d09004be10
Event: 9.535 Thread 0x000001d0a40a1b50 flushing  nmethod 0x000001d090055590
Event: 9.535 Thread 0x000001d0a40a1b50 flushing  nmethod 0x000001d090095690
Event: 9.535 Thread 0x000001d0a40a1b50 flushing  nmethod 0x000001d09009d210
Event: 9.535 Thread 0x000001d0a40a1b50 flushing  nmethod 0x000001d0900b0f90
Event: 9.535 Thread 0x000001d0a40a1b50 flushing  nmethod 0x000001d0900b1a90
Event: 9.535 Thread 0x000001d0a40a1b50 flushing  nmethod 0x000001d0900bbd10
Event: 9.535 Thread 0x000001d0a40a1b50 flushing  nmethod 0x000001d0900bc090
Event: 9.535 Thread 0x000001d0a40a1b50 flushing  nmethod 0x000001d0900f7690
Event: 9.535 Thread 0x000001d0a40a1b50 flushing  nmethod 0x000001d0901abf10

Events (15 events):
Event: 0.024 Thread 0x000001d08a86d840 Thread added: 0x000001d08a86d840
Event: 0.127 Thread 0x000001d08a86d840 Thread added: 0x000001d0a42795b0
Event: 0.127 Thread 0x000001d08a86d840 Thread added: 0x000001d0a4288560
Event: 0.130 Thread 0x000001d08a86d840 Thread added: 0x000001d0a42959e0
Event: 0.130 Thread 0x000001d08a86d840 Thread added: 0x000001d0a4296440
Event: 0.130 Thread 0x000001d08a86d840 Thread added: 0x000001d0a42976b0
Event: 0.130 Thread 0x000001d08a86d840 Thread added: 0x000001d0a429a120
Event: 0.130 Thread 0x000001d08a86d840 Thread added: 0x000001d0a42a2ec0
Event: 0.130 Thread 0x000001d08a86d840 Thread added: 0x000001d0a42a8e70
Event: 0.213 Thread 0x000001d08a86d840 Thread added: 0x000001d0a443e220
Event: 0.223 Thread 0x000001d08a86d840 Thread added: 0x000001d0a443fe70
Event: 0.242 Loaded shared library C:\Program Files\Android\Android Studio\jbr\bin\net.dll
Event: 0.245 Loaded shared library C:\Program Files\Android\Android Studio\jbr\bin\nio.dll
Event: 0.311 Loaded shared library C:\Program Files\Android\Android Studio\jbr\bin\zip.dll
Event: 0.372 Loaded shared library C:\Program Files\Android\Android Studio\jbr\bin\jimage.dll


Dynamic libraries:
0x00007ff796920000 - 0x00007ff79692a000 	C:\Program Files\Android\Android Studio\jbr\bin\java.exe
0x00007ff902870000 - 0x00007ff902a68000 	C:\Windows\SYSTEM32\ntdll.dll
0x00007ff9009b0000 - 0x00007ff900a72000 	C:\Windows\System32\KERNEL32.DLL
0x00007ff900450000 - 0x00007ff90074f000 	C:\Windows\System32\KERNELBASE.dll
0x00007ff900750000 - 0x00007ff900850000 	C:\Windows\System32\ucrtbase.dll
0x00007ff8f8940000 - 0x00007ff8f895b000 	C:\Program Files\Android\Android Studio\jbr\bin\VCRUNTIME140.dll
0x00007ff8cafc0000 - 0x00007ff8cafd8000 	C:\Program Files\Android\Android Studio\jbr\bin\jli.dll
0x00007ff901bf0000 - 0x00007ff901d8d000 	C:\Windows\System32\USER32.dll
0x00007ff900850000 - 0x00007ff900872000 	C:\Windows\System32\win32u.dll
0x00007ff9017d0000 - 0x00007ff9017fb000 	C:\Windows\System32\GDI32.dll
0x00007ff900330000 - 0x00007ff900447000 	C:\Windows\System32\gdi32full.dll
0x00007ff900290000 - 0x00007ff90032d000 	C:\Windows\System32\msvcp_win.dll
0x00007ff8e5410000 - 0x00007ff8e56aa000 	C:\Windows\WinSxS\amd64_microsoft.windows.common-controls_6595b64144ccf1df_6.0.19041.4355_none_60b8b9eb71f62e16\COMCTL32.dll
0x00007ff901520000 - 0x00007ff9015be000 	C:\Windows\System32\msvcrt.dll
0x00007ff902750000 - 0x00007ff90277f000 	C:\Windows\System32\IMM32.DLL
0x00007ff8f8930000 - 0x00007ff8f893c000 	C:\Program Files\Android\Android Studio\jbr\bin\vcruntime140_1.dll
0x00007ff89f0a0000 - 0x00007ff89f12d000 	C:\Program Files\Android\Android Studio\jbr\bin\msvcp140.dll
0x00007ff8c4a90000 - 0x00007ff8c5713000 	C:\Program Files\Android\Android Studio\jbr\bin\server\jvm.dll
0x00007ff901a10000 - 0x00007ff901ac1000 	C:\Windows\System32\ADVAPI32.dll
0x00007ff902620000 - 0x00007ff9026bf000 	C:\Windows\System32\sechost.dll
0x00007ff901880000 - 0x00007ff9019a3000 	C:\Windows\System32\RPCRT4.dll
0x00007ff8fff00000 - 0x00007ff8fff27000 	C:\Windows\System32\bcrypt.dll
0x00007ff901d90000 - 0x00007ff901dfb000 	C:\Windows\System32\WS2_32.dll
0x00007ff8ffd60000 - 0x00007ff8ffdab000 	C:\Windows\SYSTEM32\POWRPROF.dll
0x00007ff8f5e70000 - 0x00007ff8f5e7a000 	C:\Windows\SYSTEM32\VERSION.dll
0x00007ff8d4910000 - 0x00007ff8d4937000 	C:\Windows\SYSTEM32\WINMM.dll
0x00007ff8ffd40000 - 0x00007ff8ffd52000 	C:\Windows\SYSTEM32\UMPDC.dll
0x00007ff8fe720000 - 0x00007ff8fe732000 	C:\Windows\SYSTEM32\kernel.appcore.dll
0x00007ff8f6bc0000 - 0x00007ff8f6bca000 	C:\Program Files\Android\Android Studio\jbr\bin\jimage.dll
0x00007ff8fdc90000 - 0x00007ff8fde74000 	C:\Windows\SYSTEM32\DBGHELP.DLL
0x00007ff8e2790000 - 0x00007ff8e27c4000 	C:\Windows\SYSTEM32\dbgcore.DLL
0x00007ff8ffff0000 - 0x00007ff900072000 	C:\Windows\System32\bcryptPrimitives.dll
0x00007ff8f6b90000 - 0x00007ff8f6bb0000 	C:\Program Files\Android\Android Studio\jbr\bin\java.dll
0x00007ff8f6820000 - 0x00007ff8f6838000 	C:\Program Files\Android\Android Studio\jbr\bin\zip.dll
0x00007ff901e00000 - 0x00007ff90256e000 	C:\Windows\System32\SHELL32.dll
0x00007ff8fde80000 - 0x00007ff8fe624000 	C:\Windows\SYSTEM32\windows.storage.dll
0x00007ff900a80000 - 0x00007ff900dd5000 	C:\Windows\System32\combase.dll
0x00007ff8ff860000 - 0x00007ff8ff88f000 	C:\Windows\SYSTEM32\Wldp.dll
0x00007ff900ec0000 - 0x00007ff900f8d000 	C:\Windows\System32\OLEAUT32.dll
0x00007ff902570000 - 0x00007ff90261d000 	C:\Windows\System32\SHCORE.dll
0x00007ff900df0000 - 0x00007ff900e45000 	C:\Windows\System32\shlwapi.dll
0x00007ff8ffe30000 - 0x00007ff8ffe54000 	C:\Windows\SYSTEM32\profapi.dll
0x00007ff8f6c00000 - 0x00007ff8f6c10000 	C:\Program Files\Android\Android Studio\jbr\bin\net.dll
0x00007ff8f3e80000 - 0x00007ff8f3f8d000 	C:\Windows\SYSTEM32\WINHTTP.dll
0x00007ff8ff5c0000 - 0x00007ff8ff62a000 	C:\Windows\system32\mswsock.dll
0x00007ff8f64b0000 - 0x00007ff8f64c6000 	C:\Program Files\Android\Android Studio\jbr\bin\nio.dll
0x00007ff8f5e40000 - 0x00007ff8f5e50000 	C:\Program Files\Android\Android Studio\jbr\bin\verify.dll

dbghelp: loaded successfully - version: 4.0.5 - missing functions: none
symbol engine: initialized successfully - sym options: 0x614 - pdb path: .;C:\Program Files\Android\Android Studio\jbr\bin;C:\Windows\SYSTEM32;C:\Windows\WinSxS\amd64_microsoft.windows.common-controls_6595b64144ccf1df_6.0.19041.4355_none_60b8b9eb71f62e16;C:\Program Files\Android\Android Studio\jbr\bin\server

VM Arguments:
java_command: org.jetbrains.kotlin.cli.jvm.K2JVMCompiler @C:\Users\PC\AndroidStudioProjects\CloutBox\app\build\20250206_13980525618111242444.compiler.options
java_class_path (initial): C:\Users\PC\.gradle\caches\modules-2\files-2.1\org.jetbrains.kotlin\kotlin-compiler-embeddable\2.0.0\1de310de3446414381282ffc46c3ed3919a4d1da\kotlin-compiler-embeddable-2.0.0.jar;C:\Users\PC\.gradle\caches\modules-2\files-2.1\org.jetbrains.kotlin\kotlin-stdlib\2.0.0\b48df2c4aede9586cc931ead433bc02d6fd7879e\kotlin-stdlib-2.0.0.jar;C:\Users\PC\.gradle\caches\modules-2\files-2.1\org.jetbrains.kotlin\kotlin-script-runtime\2.0.0\fdc27dd047d592fa41d2dfa21e7621287a361612\kotlin-script-runtime-2.0.0.jar;C:\Users\PC\.gradle\caches\modules-2\files-2.1\org.jetbrains.kotlin\kotlin-reflect\1.6.10\1cbe9c92c12a94eea200d23c2bbaedaf3daf5132\kotlin-reflect-1.6.10.jar;C:\Users\PC\.gradle\caches\modules-2\files-2.1\org.jetbrains.kotlin\kotlin-daemon-embeddable\2.0.0\b39c612768614c4428c96ee9c65477181fffe9d\kotlin-daemon-embeddable-2.0.0.jar;C:\Users\PC\.gradle\caches\modules-2\files-2.1\org.jetbrains.intellij.deps\trove4j\1.0.20200330\3afb14d5f9ceb459d724e907a21145e8ff394f02\trove4j-1.0.20200330.jar;C:\Users\PC\.gradle\caches\modules-2\files-2.1\org.jetbrains\annotations\13.0\919f0dfe192fb4e063e7dacadee7f8bb9a2672a9\annotations-13.0.jar
Launcher Type: SUN_STANDARD

[Global flags]
     intx CICompilerCount                          = 4                                         {product} {ergonomic}
     uint ConcGCThreads                            = 2                                         {product} {ergonomic}
     uint G1ConcRefinementThreads                  = 8                                         {product} {ergonomic}
   size_t G1HeapRegionSize                         = 1048576                                   {product} {ergonomic}
    uintx GCDrainStackTargetSize                   = 64                                        {product} {ergonomic}
   size_t InitialHeapSize                          = 132120576                                 {product} {ergonomic}
   size_t MarkStackSize                            = 4194304                                   {product} {ergonomic}
   size_t MaxHeapSize                              = 2107637760                                {product} {ergonomic}
   size_t MaxNewSize                               = 1264582656                                {product} {ergonomic}
   size_t MinHeapDeltaBytes                        = 1048576                                   {product} {ergonomic}
   size_t MinHeapSize                              = 8388608                                   {product} {ergonomic}
    uintx NonNMethodCodeHeapSize                   = 5839372                                {pd product} {ergonomic}
    uintx NonProfiledCodeHeapSize                  = 122909434                              {pd product} {ergonomic}
    uintx ProfiledCodeHeapSize                     = 122909434                              {pd product} {ergonomic}
    uintx ReservedCodeCacheSize                    = 251658240                              {pd product} {ergonomic}
     bool SegmentedCodeCache                       = true                                      {product} {ergonomic}
   size_t SoftMaxHeapSize                          = 2107637760                             {manageable} {ergonomic}
     bool UseCompressedOops                        = true                           {product lp64_product} {ergonomic}
     bool UseG1GC                                  = true                                      {product} {ergonomic}
     bool UseLargePagesIndividualAllocation        = false                                  {pd product} {ergonomic}

Logging:
Log output configuration:
 #0: stdout all=warning uptime,level,tags foldmultilines=false
 #1: stderr all=off uptime,level,tags foldmultilines=false

Environment Variables:
PATH=C:\Program Files\Common Files\Oracle\Java\javapath;C:\Windows\system32;C:\Windows;C:\Windows\System32\Wbem;C:\Windows\System32\WindowsPowerShell\v1.0\;C:\Windows\System32\OpenSSH\;C:\xampp\php;C:\Users\PC\AppData\Local\Programs\Python\Python3x\;C:\Users\PC\AppData\Local\Programs\Python\Python3x\Scripts\;C:\Program Files\dotnet\;C:\Program Files\Git\cmd;C:\Program Files\MySQL\MySQL Server 8.0\bin;C:\Program Files\MySQL\MySQL Shell 8.0\bin\;C:\Users\PC\AppData\Local\Programs\Python\Python313\Scripts\;C:\Users\PC\AppData\Local\Programs\Python\Python313\;C:\Users\PC\AppData\Local\Programs\Python\Launcher\;C:\Users\PC\AppData\Local\Microsoft\WindowsApps;C:\Users\PC\AppData\Local\Programs\Microsoft VS Code\bin;C:\Program Files\php 8.4;;C:\Program Files\JetBrains\IntelliJ IDEA 2024.3.2\bin;;C:\Program Files\JetBrains\IntelliJ IDEA Community Edition 2024.3.2\bin;;C:\Users\PC\.dotnet\tools
USERNAME=PC
OS=Windows_NT
PROCESSOR_IDENTIFIER=Intel64 Family 6 Model 142 Stepping 10, GenuineIntel
TMP=C:\Users\PC\AppData\Local\Temp
TEMP=C:\Users\PC\AppData\Local\Temp




Periodic native trim disabled

JNI global refs:
JNI global refs: 11, weak refs: 27

JNI global refs memory usage: 835, weak refs: 833

Process memory usage:
Resident Set Size: 336612K (4% of 8228056K total physical memory with 254688K free physical memory)

OOME stack traces (most recent first):
Classloader memory used:
Loader jdk.internal.loader.ClassLoaders$AppClassLoader                                 : 42269K
Loader bootstrap                                                                       : 10881K
Loader java.net.URLClassLoader                                                         : 232K

---------------  S Y S T E M  ---------------

OS:
 Windows 10 , 64 bit Build 19041 (10.0.19041.5198)
OS uptime: 7 days 1:04 hours

CPU: total 8 (initial active 8) (4 cores per cpu, 2 threads per core) family 6 model 142 stepping 10 microcode 0xf6, cx8, cmov, fxsr, ht, mmx, 3dnowpref, sse, sse2, sse3, ssse3, sse4.1, sse4.2, popcnt, lzcnt, tsc, tscinvbit, avx, avx2, aes, erms, clmul, bmi1, bmi2, rtm, adx, fma, vzeroupper, clflush, clflushopt, rdtscp, f16c
Processor Information for all 8 processors :
  Max Mhz: 2112, Current Mhz: 1910, Mhz Limit: 1900

Memory: 4k page, system-wide physical 8035M (252M free)
TotalPageFile size 32611M (AvailPageFile size 17M)
current process WorkingSet (physical memory assigned to process): 328M, peak: 335M
current process commit charge ("private bytes"): 341M, peak: 405M

vm_info: OpenJDK 64-Bit Server VM (21.0.4+-12508038-b607.1) for windows-amd64 JRE (21.0.4+-12508038-b607.1), built on 2024-10-16T17:23:34Z by "builder" with MS VC++ 16.10 / 16.11 (VS2019)

END.
